<?xml version="1.0" encoding="UTF-8"?>
<testng-results skipped="0" failed="1" total="1" passed="0">
  <reporter-output>
    <line>
      <![CDATA[This is an employee time sheet manahement tool]]>
    </line>
    <line>
      <![CDATA[excel report is generated]]>
    </line>
  </reporter-output>
  <suite name="Default suite" duration-ms="28296" started-at="2020-10-06T08:31:54Z" finished-at="2020-10-06T08:32:22Z">
    <groups>
    </groups>
    <test name="Default test" duration-ms="28296" started-at="2020-10-06T08:31:54Z" finished-at="2020-10-06T08:32:22Z">
      <class name="test.DemoAssertTestCase">
        <test-method status="PASS" signature="productInfo()[pri:0, instance:test.DemoAssertTestCase@357246de]" name="productInfo" is-config="true" duration-ms="13" started-at="2020-10-06T14:01:54Z" finished-at="2020-10-06T14:01:54Z">
          <reporter-output>
            <line>
              <![CDATA[This is an employee time sheet manahement tool]]>
            </line>
          </reporter-output>
        </test-method> <!-- productInfo -->
        <test-method status="PASS" signature="setPro()[pri:0, instance:test.DemoAssertTestCase@357246de]" name="setPro" is-config="true" duration-ms="0" started-at="2020-10-06T14:01:54Z" finished-at="2020-10-06T14:01:54Z">
          <reporter-output>
          </reporter-output>
        </test-method> <!-- setPro -->
        <test-method status="PASS" signature="openApp()[pri:0, instance:test.DemoAssertTestCase@357246de]" name="openApp" is-config="true" duration-ms="16653" started-at="2020-10-06T14:01:54Z" finished-at="2020-10-06T14:02:10Z">
          <reporter-output>
          </reporter-output>
        </test-method> <!-- openApp -->
        <test-method status="FAIL" signature="TYSS_TC01()[pri:0, instance:test.DemoAssertTestCase@357246de]" name="TYSS_TC01" duration-ms="10889" started-at="2020-10-06T14:02:10Z" finished-at="2020-10-06T14:02:21Z">
          <exception class="org.openqa.selenium.NoSuchElementException">
            <message>
              <![CDATA[no such element: Unable to locate element: {"method":"xpath","selector":"//img[contains(@src,'timer.png')]"}
  (Session info: chrome=85.0.4183.121)
For documentation on this error, please visit: https://www.seleniumhq.org/exceptions/no_such_element.html
Build info: version: '3.141.59', revision: 'e82be7d358', time: '2018-11-14T08:25:53'
System info: host: 'DESKTOP-7HU58PF', ip: '192.168.0.127', os.name: 'Windows 10', os.arch: 'amd64', os.version: '10.0', java.version: '1.8.0_261'
Driver info: org.openqa.selenium.chrome.ChromeDriver
Capabilities {acceptInsecureCerts: false, browserName: chrome, browserVersion: 85.0.4183.121, chrome: {chromedriverVersion: 84.0.4147.30 (48b3e868b4cc0..., userDataDir: C:\Users\VAISHN~1\AppData\L...}, goog:chromeOptions: {debuggerAddress: localhost:51249}, javascriptEnabled: true, networkConnectionEnabled: false, pageLoadStrategy: normal, platform: WINDOWS, platformName: WINDOWS, proxy: Proxy(), setWindowRect: true, strictFileInteractability: false, timeouts: {implicit: 0, pageLoad: 300000, script: 30000}, unhandledPromptBehavior: dismiss and notify, webauthn:virtualAuthenticators: true}
Session ID: 16636543b44176ceb4b258f345370053
*** Element info: {Using=xpath, value=//img[contains(@src,'timer.png')]}]]>
            </message>
            <full-stacktrace>
              <![CDATA[org.openqa.selenium.NoSuchElementException: no such element: Unable to locate element: {"method":"xpath","selector":"//img[contains(@src,'timer.png')]"}
  (Session info: chrome=85.0.4183.121)
For documentation on this error, please visit: https://www.seleniumhq.org/exceptions/no_such_element.html
Build info: version: '3.141.59', revision: 'e82be7d358', time: '2018-11-14T08:25:53'
System info: host: 'DESKTOP-7HU58PF', ip: '192.168.0.127', os.name: 'Windows 10', os.arch: 'amd64', os.version: '10.0', java.version: '1.8.0_261'
Driver info: org.openqa.selenium.chrome.ChromeDriver
Capabilities {acceptInsecureCerts: false, browserName: chrome, browserVersion: 85.0.4183.121, chrome: {chromedriverVersion: 84.0.4147.30 (48b3e868b4cc0..., userDataDir: C:\Users\VAISHN~1\AppData\L...}, goog:chromeOptions: {debuggerAddress: localhost:51249}, javascriptEnabled: true, networkConnectionEnabled: false, pageLoadStrategy: normal, platform: WINDOWS, platformName: WINDOWS, proxy: Proxy(), setWindowRect: true, strictFileInteractability: false, timeouts: {implicit: 0, pageLoad: 300000, script: 30000}, unhandledPromptBehavior: dismiss and notify, webauthn:virtualAuthenticators: true}
Session ID: 16636543b44176ceb4b258f345370053
*** Element info: {Using=xpath, value=//img[contains(@src,'timer.png')]}
	at sun.reflect.NativeConstructorAccessorImpl.newInstance0(Native Method)
	at sun.reflect.NativeConstructorAccessorImpl.newInstance(NativeConstructorAccessorImpl.java:62)
	at sun.reflect.DelegatingConstructorAccessorImpl.newInstance(DelegatingConstructorAccessorImpl.java:45)
	at java.lang.reflect.Constructor.newInstance(Constructor.java:423)
	at org.openqa.selenium.remote.http.W3CHttpResponseCodec.createException(W3CHttpResponseCodec.java:187)
	at org.openqa.selenium.remote.http.W3CHttpResponseCodec.decode(W3CHttpResponseCodec.java:122)
	at org.openqa.selenium.remote.http.W3CHttpResponseCodec.decode(W3CHttpResponseCodec.java:49)
	at org.openqa.selenium.remote.HttpCommandExecutor.execute(HttpCommandExecutor.java:158)
	at org.openqa.selenium.remote.service.DriverCommandExecutor.execute(DriverCommandExecutor.java:83)
	at org.openqa.selenium.remote.RemoteWebDriver.execute(RemoteWebDriver.java:552)
	at org.openqa.selenium.remote.RemoteWebDriver.findElement(RemoteWebDriver.java:323)
	at org.openqa.selenium.remote.RemoteWebDriver.findElementByXPath(RemoteWebDriver.java:428)
	at org.openqa.selenium.By$ByXPath.findElement(By.java:353)
	at org.openqa.selenium.remote.RemoteWebDriver.findElement(RemoteWebDriver.java:315)
	at org.openqa.selenium.support.pagefactory.DefaultElementLocator.findElement(DefaultElementLocator.java:69)
	at org.openqa.selenium.support.pagefactory.internal.LocatingElementHandler.invoke(LocatingElementHandler.java:38)
	at com.sun.proxy.$Proxy11.isDisplayed(Unknown Source)
	at page.LoginPage.verifyLogo(LoginPage.java:43)
	at test.DemoAssertTestCase.TYSS_TC01(DemoAssertTestCase.java:22)
	at sun.reflect.NativeMethodAccessorImpl.invoke0(Native Method)
	at sun.reflect.NativeMethodAccessorImpl.invoke(NativeMethodAccessorImpl.java:62)
	at sun.reflect.DelegatingMethodAccessorImpl.invoke(DelegatingMethodAccessorImpl.java:43)
	at java.lang.reflect.Method.invoke(Method.java:498)
	at org.testng.internal.MethodInvocationHelper.invokeMethod(MethodInvocationHelper.java:86)
	at org.testng.internal.Invoker.invokeMethod(Invoker.java:645)
	at org.testng.internal.Invoker.invokeTestMethod(Invoker.java:822)
	at org.testng.internal.Invoker.invokeTestMethods(Invoker.java:1130)
	at org.testng.internal.TestMethodWorker.invokeTestMethods(TestMethodWorker.java:129)
	at org.testng.internal.TestMethodWorker.run(TestMethodWorker.java:112)
	at org.testng.TestRunner.privateRun(TestRunner.java:782)
	at org.testng.TestRunner.run(TestRunner.java:632)
	at org.testng.SuiteRunner.runTest(SuiteRunner.java:366)
	at org.testng.SuiteRunner.runSequentially(SuiteRunner.java:361)
	at org.testng.SuiteRunner.privateRun(SuiteRunner.java:319)
	at org.testng.SuiteRunner.run(SuiteRunner.java:268)
	at org.testng.SuiteRunnerWorker.runSuite(SuiteRunnerWorker.java:52)
	at org.testng.SuiteRunnerWorker.run(SuiteRunnerWorker.java:86)
	at org.testng.TestNG.runSuitesSequentially(TestNG.java:1244)
	at org.testng.TestNG.runSuitesLocally(TestNG.java:1169)
	at org.testng.TestNG.run(TestNG.java:1064)
	at org.testng.remote.RemoteTestNG.run(RemoteTestNG.java:113)
	at org.testng.remote.RemoteTestNG.initAndRun(RemoteTestNG.java:206)
	at org.testng.remote.RemoteTestNG.main(RemoteTestNG.java:177)
]]>
            </full-stacktrace>
          </exception> <!-- org.openqa.selenium.NoSuchElementException -->
          <reporter-output>
          </reporter-output>
        </test-method> <!-- TYSS_TC01 -->
        <test-method status="PASS" signature="closeApp()[pri:0, instance:test.DemoAssertTestCase@357246de]" name="closeApp" is-config="true" duration-ms="711" started-at="2020-10-06T14:02:21Z" finished-at="2020-10-06T14:02:22Z">
          <reporter-output>
          </reporter-output>
        </test-method> <!-- closeApp -->
        <test-method status="PASS" signature="excelReport()[pri:0, instance:test.DemoAssertTestCase@357246de]" name="excelReport" is-config="true" duration-ms="1" started-at="2020-10-06T14:02:22Z" finished-at="2020-10-06T14:02:22Z">
          <reporter-output>
            <line>
              <![CDATA[excel report is generated]]>
            </line>
          </reporter-output>
        </test-method> <!-- excelReport -->
      </class> <!-- test.DemoAssertTestCase -->
    </test> <!-- Default test -->
  </suite> <!-- Default suite -->
</testng-results>
